c:\users\lumucro\desktop\dae howest sem2\programming 2\game_van_handenhove_brent\game\debug\game.pch
c:\users\lumucro\desktop\dae howest sem2\programming 2\game_van_handenhove_brent\game\debug\vc140.pdb
c:\users\lumucro\desktop\dae howest sem2\programming 2\game_van_handenhove_brent\game\debug\vc140.idb
c:\users\lumucro\desktop\dae howest sem2\programming 2\game_van_handenhove_brent\game\debug\stdafx.obj
c:\users\lumucro\desktop\dae howest sem2\programming 2\game_van_handenhove_brent\game\debug\entity.obj
c:\users\lumucro\desktop\dae howest sem2\programming 2\game_van_handenhove_brent\game\debug\entitymanager.obj
c:\users\lumucro\desktop\dae howest sem2\programming 2\game_van_handenhove_brent\game\debug\gamewinmain.obj
c:\users\lumucro\desktop\dae howest sem2\programming 2\game_van_handenhove_brent\game\debug\guibase.obj
c:\users\lumucro\desktop\dae howest sem2\programming 2\game_van_handenhove_brent\game\debug\inputmanager.obj
c:\users\lumucro\desktop\dae howest sem2\programming 2\game_van_handenhove_brent\game\debug\physicsactor.obj
c:\users\lumucro\desktop\dae howest sem2\programming 2\game_van_handenhove_brent\game\debug\physicsdistancejoint.obj
c:\users\lumucro\desktop\dae howest sem2\programming 2\game_van_handenhove_brent\game\debug\physicsprismaticjoint.obj
c:\users\lumucro\desktop\dae howest sem2\programming 2\game_van_handenhove_brent\game\debug\physicsrevolutejoint.obj
c:\users\lumucro\desktop\dae howest sem2\programming 2\game_van_handenhove_brent\game\debug\precisiontimer.obj
c:\users\lumucro\desktop\dae howest sem2\programming 2\game_van_handenhove_brent\game\debug\hud.obj
c:\users\lumucro\desktop\dae howest sem2\programming 2\game_van_handenhove_brent\game\debug\level.obj
c:\users\lumucro\desktop\dae howest sem2\programming 2\game_van_handenhove_brent\game\debug\projectile.obj
c:\users\lumucro\desktop\dae howest sem2\programming 2\game_van_handenhove_brent\game\debug\sprite.obj
c:\users\lumucro\desktop\dae howest sem2\programming 2\game_van_handenhove_brent\game\debug\string.obj
c:\users\lumucro\desktop\dae howest sem2\programming 2\game_van_handenhove_brent\game\debug\structs.obj
c:\users\lumucro\desktop\dae howest sem2\programming 2\game_van_handenhove_brent\game\debug\svgparser.obj
c:\users\lumucro\desktop\dae howest sem2\programming 2\game_van_handenhove_brent\game\debug\textbox.obj
c:\users\lumucro\desktop\dae howest sem2\programming 2\game_van_handenhove_brent\game\debug\contactlistener.obj
c:\users\lumucro\desktop\dae howest sem2\programming 2\game_van_handenhove_brent\game\debug\game.obj
c:\users\lumucro\desktop\dae howest sem2\programming 2\game_van_handenhove_brent\game\debug\abstractgame.obj
c:\users\lumucro\desktop\dae howest sem2\programming 2\game_van_handenhove_brent\game\debug\animation.obj
c:\users\lumucro\desktop\dae howest sem2\programming 2\game_van_handenhove_brent\game\debug\camera.obj
c:\users\lumucro\desktop\dae howest sem2\programming 2\game_van_handenhove_brent\game\debug\character.obj
c:\users\lumucro\desktop\dae howest sem2\programming 2\game_van_handenhove_brent\game\debug\bitmap.obj
c:\users\lumucro\desktop\dae howest sem2\programming 2\game_van_handenhove_brent\game\debug\box2ddebugrenderer.obj
c:\users\lumucro\desktop\dae howest sem2\programming 2\game_van_handenhove_brent\game\debug\button.obj
c:\users\lumucro\desktop\dae howest sem2\programming 2\game_van_handenhove_brent\game\debug\fmodsound.obj
c:\users\lumucro\desktop\dae howest sem2\programming 2\game_van_handenhove_brent\game\debug\fmodsystem.obj
c:\users\lumucro\desktop\dae howest sem2\programming 2\game_van_handenhove_brent\game\debug\font.obj
c:\users\lumucro\desktop\dae howest sem2\programming 2\game_van_handenhove_brent\game\debug\gameengine.obj
c:\users\lumucro\desktop\dae howest sem2\programming 2\game_van_handenhove_brent\game\debug\gamesettings.obj
c:\users\lumucro\desktop\dae howest sem2\programming 2\game_van_handenhove_brent\game\debug\physicsjoint.obj
c:\users\lumucro\desktop\dae howest sem2\programming 2\game_van_handenhove_brent\game\debug\physicsweldjoint.obj
c:\users\lumucro\desktop\dae howest sem2\programming 2\game_van_handenhove_brent\game\debug\game.ilk
c:\users\lumucro\desktop\dae howest sem2\programming 2\game_van_handenhove_brent\game\debug\game.exe
c:\users\lumucro\desktop\dae howest sem2\programming 2\game_van_handenhove_brent\game\debug\game.pdb
c:\users\lumucro\desktop\dae howest sem2\programming 2\game_van_handenhove_brent\game\debug\game.res
c:\users\lumucro\desktop\dae howest sem2\programming 2\game_van_handenhove_brent\game\debug\box2d.idb
c:\users\lumucro\desktop\dae howest sem2\programming 2\game_van_handenhove_brent\game\debug\box2d.pdb
c:\users\lumucro\desktop\dae howest sem2\programming 2\game_van_handenhove_brent\game\debug\game.tlog\cl.command.1.tlog
c:\users\lumucro\desktop\dae howest sem2\programming 2\game_van_handenhove_brent\game\debug\game.tlog\cl.read.1.tlog
c:\users\lumucro\desktop\dae howest sem2\programming 2\game_van_handenhove_brent\game\debug\game.tlog\cl.write.1.tlog
c:\users\lumucro\desktop\dae howest sem2\programming 2\game_van_handenhove_brent\game\debug\game.tlog\link.command.1.tlog
c:\users\lumucro\desktop\dae howest sem2\programming 2\game_van_handenhove_brent\game\debug\game.tlog\link.read.1.tlog
c:\users\lumucro\desktop\dae howest sem2\programming 2\game_van_handenhove_brent\game\debug\game.tlog\link.write.1.tlog
c:\users\lumucro\desktop\dae howest sem2\programming 2\game_van_handenhove_brent\game\debug\game.tlog\rc.command.1.tlog
c:\users\lumucro\desktop\dae howest sem2\programming 2\game_van_handenhove_brent\game\debug\game.tlog\rc.read.1.tlog
c:\users\lumucro\desktop\dae howest sem2\programming 2\game_van_handenhove_brent\game\debug\game.tlog\rc.write.1.tlog
