Build started 20/04/2016 00:27:22.
     1>Project "C:\Users\Lumucro\Desktop\DAE Howest SEM2\Programming 2\Game_Van_Handenhove_Brent\Game\Game.vcxproj" on node 2 (Build target(s)).
     1>PreBuildEvent:
         copy "C:\Users\Lumucro\Desktop\DAE Howest SEM2\Programming 2\Game_Van_Handenhove_Brent\Game\Box2DLib\box2dDebug.pdb" "C:\Users\Lumucro\Desktop\DAE Howest SEM2\Programming 2\Game_Van_Handenhove_Brent\Game\Debug\box2d.pdb" /y /D
         copy "C:\Users\Lumucro\Desktop\DAE Howest SEM2\Programming 2\Game_Van_Handenhove_Brent\Game\Box2DLib\box2dDebug.idb" "C:\Users\Lumucro\Desktop\DAE Howest SEM2\Programming 2\Game_Van_Handenhove_Brent\Game\Debug\box2d.idb" /y /D
         :VCEnd
                 1 file(s) copied.
                 1 file(s) copied.
       ClCompile:
         C:\Program Files (x86)\Microsoft Visual Studio 14.0\VC\bin\CL.exe /c /I./Box2DInclude /ZI /nologo /W3 /WX- /sdl /Od /Oy- /D WIN32 /D _DEBUG /D _WINDOWS /D _MBCS /Gm /EHsc /RTC1 /MDd /GS /fp:precise /Zc:wchar_t /Zc:forScope /Zc:inline /Yu"stdafx.h" /Fp"Debug\Game.pch" /Fo"Debug\\" /Fd"Debug\vc140.pdb" /Gd /TP /analyze- /errorReport:prompt HUD.cpp
         HUD.cpp
     1>c:\users\lumucro\desktop\dae howest sem2\programming 2\game_van_handenhove_brent\game\hud.cpp(182): warning C4244: 'initializing': conversion from 'double' to 'int', possible loss of data
       Link:
         C:\Program Files (x86)\Microsoft Visual Studio 14.0\VC\bin\link.exe /ERRORREPORT:PROMPT /OUT:"C:\Users\Lumucro\Desktop\DAE Howest SEM2\Programming 2\Game_Van_Handenhove_Brent\Game\Debug\Game.exe" /INCREMENTAL /NOLOGO kernel32.lib user32.lib gdi32.lib winspool.lib comdlg32.lib advapi32.lib shell32.lib ole32.lib oleaut32.lib uuid.lib odbc32.lib odbccp32.lib kernel32.lib user32.lib gdi32.lib winspool.lib comdlg32.lib advapi32.lib shell32.lib ole32.lib oleaut32.lib uuid.lib odbc32.lib odbccp32.lib /MANIFEST /MANIFESTUAC:"level='asInvoker' uiAccess='false'" /manifest:embed /Debug /PDB:"C:\Users\Lumucro\Desktop\DAE Howest SEM2\Programming 2\Game_Van_Handenhove_Brent\Game\Debug\Game.pdb" /SUBSYSTEM:WINDOWS /TLBID:1 /DYNAMICBASE /NXCOMPAT /IMPLIB:"C:\Users\Lumucro\Desktop\DAE Howest SEM2\Programming 2\Game_Van_Handenhove_Brent\Game\Debug\Game.lib" /MACHINE:X86 Debug\Game.res
         Debug\AbstractGame.obj
         Debug\Animation.obj
         Debug\Camera.obj
         Debug\Character.obj
         Debug\Bitmap.obj
         Debug\Box2DDebugRenderer.obj
         Debug\Button.obj
         Debug\FmodSound.obj
         Debug\FmodSystem.obj
         Debug\Font.obj
         Debug\GameEngine.obj
         Debug\GameSettings.obj
         Debug\PhysicsJoint.obj
         Debug\PhysicsWeldJoint.obj
         Debug\Entity.obj
         Debug\EntityManager.obj
         Debug\GameWinMain.obj
         Debug\GUIBase.obj
         Debug\InputManager.obj
         Debug\PhysicsActor.obj
         Debug\PhysicsDistanceJoint.obj
         Debug\PhysicsPrismaticJoint.obj
         Debug\PhysicsRevoluteJoint.obj
         Debug\PrecisionTimer.obj
         Debug\HUD.obj
         Debug\Level.obj
         Debug\Projectile.obj
         Debug\Sprite.obj
         Debug\stdafx.obj
         Debug\String.obj
         Debug\Structs.obj
         Debug\SVGParser.obj
         Debug\TextBox.obj
         Debug\ContactListener.obj
         Debug\Game.obj
         Box2DLib\Box2DDebug.lib
         FMOD\lib\fmod_vc.lib
         Game.vcxproj -> C:\Users\Lumucro\Desktop\DAE Howest SEM2\Programming 2\Game_Van_Handenhove_Brent\Game\Debug\Game.exe
       PostBuildEvent:
         xcopy "C:\Users\Lumucro\Desktop\DAE Howest SEM2\Programming 2\Game_Van_Handenhove_Brent\Game\FMOD\bin\*" "C:\Users\Lumucro\Desktop\DAE Howest SEM2\Programming 2\Game_Van_Handenhove_Brent\Game\Debug\" /y /D
         :VCEnd
         0 File(s) copied
     1>Done Building Project "C:\Users\Lumucro\Desktop\DAE Howest SEM2\Programming 2\Game_Van_Handenhove_Brent\Game\Game.vcxproj" (Build target(s)).

Build succeeded.

Time Elapsed 00:00:00.77
